================== txpwr 13 =============
 
 Coaxial test with TXPWR = 13
Tx power : 13			Calibration_use : OFF
OK
waiting 35 seconds for antenna to adjust
Running iperf3 test for 25 seconds...

*** iperf3 Test ***
Connecting to host 192.168.200.1, port 5201
[  5] local 192.168.200.23 port 57940 connected to 192.168.200.1 port 5201
[ ID] Interval           Transfer     Bitrate         Total Datagrams
[  5]   0.00-1.00   sec   354 KBytes  2.90 Mbits/sec  250  
[  5]   1.00-2.00   sec   283 KBytes  2.32 Mbits/sec  200  
[  5]   2.00-3.00   sec   297 KBytes  2.43 Mbits/sec  210  
[  5]   3.00-4.00   sec   283 KBytes  2.32 Mbits/sec  200  
[  5]   4.00-5.00   sec   255 KBytes  2.09 Mbits/sec  180  
[  5]   5.00-6.00   sec   297 KBytes  2.43 Mbits/sec  210  
[  5]   6.00-7.00   sec   283 KBytes  2.32 Mbits/sec  200  
[  5]   7.00-8.00   sec   283 KBytes  2.32 Mbits/sec  200  
[  5]   8.00-9.00   sec   283 KBytes  2.32 Mbits/sec  200  
[  5]   9.00-10.00  sec   297 KBytes  2.43 Mbits/sec  210  
[  5]  10.00-11.00  sec   269 KBytes  2.20 Mbits/sec  190  
[  5]  11.00-12.00  sec   283 KBytes  2.32 Mbits/sec  200  
[  5]  12.00-13.00  sec   283 KBytes  2.32 Mbits/sec  200  
[  5]  13.00-14.00  sec   283 KBytes  2.32 Mbits/sec  200  
[  5]  14.00-15.00  sec   297 KBytes  2.43 Mbits/sec  210  
[  5]  15.00-16.00  sec   283 KBytes  2.32 Mbits/sec  200  
[  5]  16.00-17.00  sec   283 KBytes  2.32 Mbits/sec  200  
[  5]  17.00-18.00  sec   283 KBytes  2.32 Mbits/sec  200  
[  5]  18.00-19.00  sec   297 KBytes  2.43 Mbits/sec  210  
[  5]  19.00-20.00  sec   269 KBytes  2.20 Mbits/sec  190  
[  5]  20.00-21.00  sec   283 KBytes  2.32 Mbits/sec  200  
[  5]  21.00-22.00  sec   283 KBytes  2.32 Mbits/sec  200  
[  5]  22.00-23.00  sec   269 KBytes  2.20 Mbits/sec  190  
[  5]  23.00-24.00  sec   283 KBytes  2.32 Mbits/sec  200  
[  5]  24.00-25.00  sec   283 KBytes  2.32 Mbits/sec  200  
- - - - - - - - - - - - - - - - - - - - - - - - -
[ ID] Interval           Transfer     Bitrate         Jitter    Lost/Total Datagrams
[  5]   0.00-25.00  sec  6.97 MBytes  2.34 Mbits/sec  0.000 ms  0/5050 (0%)  sender
[  5]   0.00-25.29  sec  6.97 MBytes  2.31 Mbits/sec  8.042 ms  0/5050 (0%)  receiver

iperf Done.
\n Running CLI test...
\n Current Configuration
---------------------------------------------------
[MAC Configuration]
Device Mode			 : STA
MAC Address			 : 00:c0:ca:b4:65:2e
Country				 : DE
Bandwidth			 : 2M
Frequency			 : 8640
MAC80211_freq			 : 5205
Rate Control			 : ON
 -MCS				 : 4
 -bw				 : 2 Mhz (NRC Auto)
Guard Interval			 : LONG
Security			 : OFF
RTS				 : OFF
RTS threshold			 : 0
Format				 : S1G
Preamble type			 : S1G_SHORT
Promiscuous Mode		 : OFF
color				 : 0x0
Auto CFO Cal			 : OFF
BSSID				 : 00:c0:ca:b4:65:38
AID				 : 1

[PHY Configuration]
TX_Gain				 : 13
RX_Gain				 : 82

Tx Power			 : 13
---------------------------------------------------
OK
++++++++++++++++++ DONE 13 +++++++++++++

Waiting for antenna to set new power 13...
Coaxial test with TXPWR = 13 

Timestamp : Sat 11 May 2024 02:33:36 AM -05
Running CLI test...

*** CLI Test ***
spawn ./cli_app
===================================================
     Newracom Command Line Application (2.10)      
===================================================
NRC> show signal start 1 20 
OK
NRC> Mac Addr : 00:c0:ca:b4:65:2e	rssi: -87  	snr: 17

Mac Addr : 00:c0:ca:b4:65:2e	rssi: -88  	snr: 16

Mac Addr : 00:c0:ca:b4:65:2e	rssi: -88  	snr: 16

Mac Addr : 00:c0:ca:b4:65:2e	rssi: -88  	snr: 16

Mac Addr : 00:c0:ca:b4:65:2e	rssi: -88  	snr: 16

Mac Addr : 00:c0:ca:b4:65:2e	rssi: -88  	snr: 16

Mac Addr : 00:c0:ca:b4:65:2e	rssi: -88  	snr: 16

Mac Addr : 00:c0:ca:b4:65:2e	rssi: -88  	snr: 16

Mac Addr : 00:c0:ca:b4:65:2e	rssi: -88  	snr: 16

Mac Addr : 00:c0:ca:b4:65:2e	rssi: -88  	snr: 16

Mac Addr : 00:c0:ca:b4:65:2e	rssi: -88  	snr: 16

Mac Addr : 00:c0:ca:b4:65:2e	rssi: -88  	snr: 16

Mac Addr : 00:c0:ca:b4:65:2e	rssi: -88  	snr: 16

Mac Addr : 00:c0:ca:b4:65:2e	rssi: -88  	snr: 16

Mac Addr : 00:c0:ca:b4:65:2e	rssi: -88  	snr: 17

Mac Addr : 00:c0:ca:b4:65:2e	rssi: -88  	snr: 16

Mac Addr : 00:c0:ca:b4:65:2e	rssi: -88  	snr: 16

Mac Addr : 00:c0:ca:b4:65:2e	rssi: -88  	snr: 16

Mac Addr : 00:c0:ca:b4:65:2e	rssi: -88  	snr: 16

Mac Addr : 00:c0:ca:b4:65:2e	rssi: -88  	snr: 16

--------------------------------------------------
[MAC Addr]: 00:c0:ca:b4:65:2e
[Total]   : 20
[RSSI]
 average  : -87.950
 std_dev  : 0.218
[SNR]
 average  : 16.100
 std_dev  : 0.300
--------------------------------------------------
NRC>
exit
===================================================
      Exit Newracom Command Line Application       
===================================================

 CLI Test Done.
Starting Network Signal Strength Test Collection...
Timestamp: Sat 11 May 2024 02:33:57 AM -05
Coaxial set up with 60 dBm attenuation
