================== txpwr 11 =============
 
 Coaxial test with TXPWR = 11
Tx power : 11			Calibration_use : OFF
OK
waiting 35 seconds for antenna to adjust
Running iperf3 test for 25 seconds...

*** iperf3 Test ***
Connecting to host 192.168.200.1, port 5201
[  5] local 192.168.200.23 port 34390 connected to 192.168.200.1 port 5201
[ ID] Interval           Transfer     Bitrate         Total Datagrams
[  5]   0.00-1.00   sec   212 KBytes  1.74 Mbits/sec  150  
[  5]   1.00-2.00   sec   141 KBytes  1.16 Mbits/sec  100  
[  5]   2.00-3.00   sec   141 KBytes  1.16 Mbits/sec  100  
[  5]   3.00-4.00   sec   141 KBytes  1.16 Mbits/sec  100  
[  5]   4.00-5.00   sec   141 KBytes  1.16 Mbits/sec  100  
[  5]   5.00-6.00   sec   127 KBytes  1.04 Mbits/sec  90  
[  5]   6.00-7.00   sec   156 KBytes  1.27 Mbits/sec  110  
[  5]   7.00-8.00   sec   141 KBytes  1.16 Mbits/sec  100  
[  5]   8.00-9.00   sec   127 KBytes  1.04 Mbits/sec  90  
[  5]   9.00-10.00  sec   141 KBytes  1.16 Mbits/sec  100  
[  5]  10.00-11.00  sec   141 KBytes  1.16 Mbits/sec  100  
[  5]  11.00-12.00  sec   141 KBytes  1.16 Mbits/sec  100  
[  5]  12.00-13.00  sec   141 KBytes  1.16 Mbits/sec  100  
[  5]  13.00-14.00  sec   127 KBytes  1.04 Mbits/sec  90  
[  5]  14.00-15.00  sec   141 KBytes  1.16 Mbits/sec  100  
[  5]  15.00-16.00  sec   156 KBytes  1.27 Mbits/sec  110  
[  5]  16.00-17.00  sec   127 KBytes  1.04 Mbits/sec  90  
[  5]  17.00-18.00  sec   141 KBytes  1.16 Mbits/sec  100  
[  5]  18.00-19.00  sec   141 KBytes  1.16 Mbits/sec  100  
[  5]  19.00-20.00  sec   127 KBytes  1.04 Mbits/sec  90  
[  5]  20.00-21.00  sec   156 KBytes  1.27 Mbits/sec  110  
[  5]  21.00-22.00  sec   141 KBytes  1.16 Mbits/sec  100  
[  5]  22.00-23.00  sec   127 KBytes  1.04 Mbits/sec  90  
[  5]  23.00-24.00  sec   156 KBytes  1.27 Mbits/sec  110  
[  5]  24.00-25.00  sec   141 KBytes  1.16 Mbits/sec  100  
- - - - - - - - - - - - - - - - - - - - - - - - -
[ ID] Interval           Transfer     Bitrate         Jitter    Lost/Total Datagrams
[  5]   0.00-25.00  sec  3.49 MBytes  1.17 Mbits/sec  0.000 ms  0/2530 (0%)  sender
[  5]   0.00-25.68  sec  3.49 MBytes  1.14 Mbits/sec  15.965 ms  0/2530 (0%)  receiver

iperf Done.
\n Running CLI test...
\n Current Configuration
---------------------------------------------------
[MAC Configuration]
Device Mode			 : STA
MAC Address			 : 00:c0:ca:b4:65:2e
Country				 : DE
Bandwidth			 : 1M
Frequency			 : 8675
MAC80211_freq			 : 5200
Rate Control			 : ON
 -MCS				 : 4
 -bw				 : 1 Mhz (NRC Auto)
Guard Interval			 : LONG
Security			 : OFF
RTS				 : OFF
RTS threshold			 : 0
Format				 : S1G
Preamble type			 : 1M
Promiscuous Mode		 : OFF
color				 : 0x0
Auto CFO Cal			 : OFF
BSSID				 : 00:c0:ca:b4:65:38
AID				 : 1

[PHY Configuration]
TX_Gain				 : 11
RX_Gain				 : 82

Tx Power			 : 11
---------------------------------------------------
OK
++++++++++++++++++ DONE 11 +++++++++++++

Waiting for antenna to set new power 11...
Coaxial test with TXPWR = 11 

Timestamp : Sat 11 May 2024 06:58:47 AM CEST
Running CLI test...

*** CLI Test ***
spawn ./cli_app
===================================================
     Newracom Command Line Application (2.10)      
===================================================

---------------------------------------------------
OK
NRC> show signal start 1 20 
OK
NRC> Mac Addr : 00:c0:ca:b4:65:2e	rssi: -91  	snr: 16

Mac Addr : 00:c0:ca:b4:65:2e	rssi: -90  	snr: 18

Mac Addr : 00:c0:ca:b4:65:2e	rssi: -90  	snr: 17

Mac Addr : 00:c0:ca:b4:65:2e	rssi: -90  	snr: 17

Mac Addr : 00:c0:ca:b4:65:2e	rssi: -90  	snr: 17

Mac Addr : 00:c0:ca:b4:65:2e	rssi: -90  	snr: 17

Mac Addr : 00:c0:ca:b4:65:2e	rssi: -90  	snr: 18

Mac Addr : 00:c0:ca:b4:65:2e	rssi: -90  	snr: 17

Mac Addr : 00:c0:ca:b4:65:2e	rssi: -90  	snr: 17

Mac Addr : 00:c0:ca:b4:65:2e	rssi: -90  	snr: 17

Mac Addr : 00:c0:ca:b4:65:2e	rssi: -90  	snr: 18

Mac Addr : 00:c0:ca:b4:65:2e	rssi: -90  	snr: 17

Mac Addr : 00:c0:ca:b4:65:2e	rssi: -90  	snr: 18

Mac Addr : 00:c0:ca:b4:65:2e	rssi: -90  	snr: 17

Mac Addr : 00:c0:ca:b4:65:2e	rssi: -90  	snr: 17

Mac Addr : 00:c0:ca:b4:65:2e	rssi: -90  	snr: 17

Mac Addr : 00:c0:ca:b4:65:2e	rssi: -90  	snr: 17

Mac Addr : 00:c0:ca:b4:65:2e	rssi: -90  	snr: 17

Mac Addr : 00:c0:ca:b4:65:2e	rssi: -90  	snr: 17

Mac Addr : 00:c0:ca:b4:65:2e	rssi: -90  	snr: 18

--------------------------------------------------
[MAC Addr]: 00:c0:ca:b4:65:2e
[Total]   : 20
[RSSI]
 average  : -90.050
 std_dev  : 0.218
[SNR]
 average  : 17.200
 std_dev  : 0.510
--------------------------------------------------
NRC>
exit
===================================================
      Exit Newracom Command Line Application       
===================================================

 CLI Test Done.
Starting Network Signal Strength Test Collection...
Timestamp: Sat 11 May 2024 06:59:08 AM CEST
Coaxial set up with 60 dBm attenuation
