================== txpwr 15 =============
 
 Coaxial test with TXPWR = 15
Tx power : 15			Calibration_use : OFF
OK
waiting 35 seconds for antenna to adjust
Running iperf3 test for 25 seconds...

*** iperf3 Test ***
Connecting to host 192.168.200.1, port 5201
[  5] local 192.168.200.23 port 35463 connected to 192.168.200.1 port 5201
[ ID] Interval           Transfer     Bitrate         Total Datagrams
[  5]   0.00-1.00   sec   495 KBytes  4.05 Mbits/sec  350  
[  5]   1.00-2.00   sec   424 KBytes  3.48 Mbits/sec  300  
[  5]   2.00-3.00   sec   410 KBytes  3.36 Mbits/sec  290  
[  5]   3.00-4.00   sec   424 KBytes  3.48 Mbits/sec  300  
[  5]   4.00-5.00   sec   424 KBytes  3.48 Mbits/sec  300  
[  5]   5.00-6.00   sec   424 KBytes  3.48 Mbits/sec  300  
[  5]   6.00-7.00   sec   424 KBytes  3.48 Mbits/sec  300  
[  5]   7.00-8.00   sec   410 KBytes  3.36 Mbits/sec  290  
[  5]   8.00-9.00   sec   424 KBytes  3.48 Mbits/sec  300  
[  5]   9.00-10.00  sec   424 KBytes  3.48 Mbits/sec  300  
[  5]  10.00-11.00  sec   410 KBytes  3.36 Mbits/sec  290  
[  5]  11.00-12.00  sec   424 KBytes  3.48 Mbits/sec  300  
[  5]  12.00-13.00  sec   424 KBytes  3.48 Mbits/sec  300  
[  5]  13.00-14.00  sec   424 KBytes  3.48 Mbits/sec  300  
[  5]  14.00-15.00  sec   424 KBytes  3.48 Mbits/sec  300  
[  5]  15.00-16.00  sec   396 KBytes  3.24 Mbits/sec  280  
[  5]  16.00-17.00  sec   410 KBytes  3.36 Mbits/sec  290  
[  5]  17.00-18.00  sec   396 KBytes  3.24 Mbits/sec  280  
[  5]  18.00-19.00  sec   424 KBytes  3.48 Mbits/sec  300  
[  5]  19.00-20.00  sec   410 KBytes  3.36 Mbits/sec  290  
[  5]  20.00-21.00  sec   410 KBytes  3.36 Mbits/sec  290  
[  5]  21.00-22.00  sec   424 KBytes  3.48 Mbits/sec  300  
[  5]  22.00-23.00  sec   410 KBytes  3.36 Mbits/sec  290  
[  5]  23.00-24.00  sec   424 KBytes  3.48 Mbits/sec  300  
[  5]  24.00-25.00  sec   424 KBytes  3.48 Mbits/sec  300  
- - - - - - - - - - - - - - - - - - - - - - - - -
[ ID] Interval           Transfer     Bitrate         Jitter    Lost/Total Datagrams
[  5]   0.00-25.00  sec  10.3 MBytes  3.45 Mbits/sec  0.000 ms  0/7440 (0%)  sender
[  5]   0.00-25.20  sec  10.3 MBytes  3.42 Mbits/sec  5.395 ms  0/7440 (0%)  receiver

iperf Done.
\n Running CLI test...
\n Current Configuration
---------------------------------------------------
[MAC Configuration]
Device Mode			 : STA
MAC Address			 : 00:c0:ca:b4:65:2e
Country				 : DE
Bandwidth			 : 2M
Frequency			 : 8640
MAC80211_freq			 : 5205
Rate Control			 : ON
 -MCS				 : 7
 -bw				 : 2 Mhz (NRC Auto)
Guard Interval			 : LONG
Security			 : OFF
RTS				 : OFF
RTS threshold			 : 0
Format				 : S1G
Preamble type			 : S1G_SHORT
Promiscuous Mode		 : OFF
color				 : 0x0
Auto CFO Cal			 : OFF
BSSID				 : 00:c0:ca:b4:65:38
AID				 : 1

[PHY Configuration]
TX_Gain				 : 15
RX_Gain				 : 82

Tx Power			 : 15
---------------------------------------------------
OK
++++++++++++++++++ DONE 15 +++++++++++++

Waiting for antenna to set new power 15...
Coaxial test with TXPWR = 15 

Timestamp : Sat 11 May 2024 02:04:32 AM -05
Running CLI test...

*** CLI Test ***
spawn ./cli_app
===================================================
     Newracom Command Line Application (2.10)      
===================================================
NRC> show signal start 1 20 
OK
NRC> Mac Addr : 00:c0:ca:b4:65:2e	rssi: -75  	snr: 25

Mac Addr : 00:c0:ca:b4:65:2e	rssi: -76  	snr: 24

Mac Addr : 00:c0:ca:b4:65:2e	rssi: -76  	snr: 24

Mac Addr : 00:c0:ca:b4:65:2e	rssi: -76  	snr: 25

Mac Addr : 00:c0:ca:b4:65:2e	rssi: -76  	snr: 24

Mac Addr : 00:c0:ca:b4:65:2e	rssi: -76  	snr: 25

Mac Addr : 00:c0:ca:b4:65:2e	rssi: -76  	snr: 24

Mac Addr : 00:c0:ca:b4:65:2e	rssi: -76  	snr: 24

Mac Addr : 00:c0:ca:b4:65:2e	rssi: -76  	snr: 24

Mac Addr : 00:c0:ca:b4:65:2e	rssi: -76  	snr: 24

Mac Addr : 00:c0:ca:b4:65:2e	rssi: -76  	snr: 24

Mac Addr : 00:c0:ca:b4:65:2e	rssi: -76  	snr: 24

Mac Addr : 00:c0:ca:b4:65:2e	rssi: -76  	snr: 25

Mac Addr : 00:c0:ca:b4:65:2e	rssi: -76  	snr: 24

Mac Addr : 00:c0:ca:b4:65:2e	rssi: -76  	snr: 24

Mac Addr : 00:c0:ca:b4:65:2e	rssi: -76  	snr: 24

Mac Addr : 00:c0:ca:b4:65:2e	rssi: -76  	snr: 24

Mac Addr : 00:c0:ca:b4:65:2e	rssi: -76  	snr: 24

Mac Addr : 00:c0:ca:b4:65:2e	rssi: -76  	snr: 24

Mac Addr : 00:c0:ca:b4:65:2e	rssi: -76  	snr: 24

--------------------------------------------------
[MAC Addr]: 00:c0:ca:b4:65:2e
[Total]   : 20
[RSSI]
 average  : -75.950
 std_dev  : 0.218
[SNR]
 average  : 24.200
 std_dev  : 0.400
--------------------------------------------------
NRC>
exit
===================================================
      Exit Newracom Command Line Application       
===================================================

 CLI Test Done.
Starting Network Signal Strength Test Collection...
Timestamp: Sat 11 May 2024 02:04:52 AM -05
Coaxial set up with 50 dBm attenuation
