Starting Network Test Collection...
Timestamp: Tue 28 May 2024 06:14:51 PM -01
iperf3 Server IP: 192.168.200.1
iperf3 Test Duration: 30 seconds
Ping Packet Count: 
Running iperf3 test for 30 seconds...

*** iperf3 Test ***
Connecting to host 192.168.200.1, port 5201
[  5] local 192.168.200.23 port 56737 connected to 192.168.200.1 port 5201
[ ID] Interval           Transfer     Bitrate         Total Datagrams
[  5]   0.00-1.00   sec   240 KBytes  1.97 Mbits/sec  170  
[  5]   1.00-2.00   sec   156 KBytes  1.27 Mbits/sec  110  
[  5]   2.00-3.00   sec   156 KBytes  1.27 Mbits/sec  110  
[  5]   3.00-4.00   sec   170 KBytes  1.39 Mbits/sec  120  
[  5]   4.00-5.00   sec   184 KBytes  1.51 Mbits/sec  130  
[  5]   5.00-6.00   sec   212 KBytes  1.74 Mbits/sec  150  
[  5]   6.00-7.00   sec   212 KBytes  1.74 Mbits/sec  150  
[  5]   7.00-8.00   sec   212 KBytes  1.74 Mbits/sec  150  
[  5]   8.00-9.00   sec   226 KBytes  1.85 Mbits/sec  160  
[  5]   9.00-10.00  sec   212 KBytes  1.74 Mbits/sec  150  
[  5]  10.00-11.00  sec   212 KBytes  1.74 Mbits/sec  150  
[  5]  11.00-12.00  sec   226 KBytes  1.85 Mbits/sec  160  
[  5]  12.00-13.00  sec   212 KBytes  1.74 Mbits/sec  150  
[  5]  13.00-14.00  sec   226 KBytes  1.85 Mbits/sec  160  
[  5]  14.00-15.00  sec   226 KBytes  1.85 Mbits/sec  160  
[  5]  15.00-16.00  sec   212 KBytes  1.74 Mbits/sec  150  
[  5]  16.00-17.00  sec   212 KBytes  1.74 Mbits/sec  150  
[  5]  17.00-18.00  sec   226 KBytes  1.85 Mbits/sec  160  
[  5]  18.00-19.00  sec   226 KBytes  1.85 Mbits/sec  160  
[  5]  19.00-20.00  sec   226 KBytes  1.85 Mbits/sec  160  
[  5]  20.00-21.00  sec   226 KBytes  1.85 Mbits/sec  160  
[  5]  21.00-22.00  sec   212 KBytes  1.74 Mbits/sec  150  
[  5]  22.00-23.00  sec   240 KBytes  1.97 Mbits/sec  170  
[  5]  23.00-24.00  sec   212 KBytes  1.74 Mbits/sec  150  
[  5]  24.00-25.00  sec   226 KBytes  1.85 Mbits/sec  160  
[  5]  25.00-26.00  sec   226 KBytes  1.85 Mbits/sec  160  
[  5]  26.00-27.00  sec   226 KBytes  1.85 Mbits/sec  160  
[  5]  27.00-28.00  sec   212 KBytes  1.74 Mbits/sec  150  
[  5]  28.00-29.00  sec   226 KBytes  1.85 Mbits/sec  160  
[  5]  29.00-30.00  sec   212 KBytes  1.74 Mbits/sec  150  
- - - - - - - - - - - - - - - - - - - - - - - - -
[ ID] Interval           Transfer     Bitrate         Jitter    Lost/Total Datagrams
[  5]   0.00-30.00  sec  6.26 MBytes  1.75 Mbits/sec  0.000 ms  0/4530 (0%)  sender
[  5]   0.00-31.62  sec  5.27 MBytes  1.40 Mbits/sec  11.807 ms  0/3818 (0%)  receiver

iperf Done.
\n Running CLI test...
---------------------------------------------------
[MAC Configuration]
Device Mode			 : STA
MAC Address			 : 00:c0:ca:b4:65:2e
Country				 : DE
Bandwidth			 : 1M
Frequency			 : 8655
MAC80211_freq			 : 5190
Rate Control			 : ON
 -MCS				 : 7
 -bw				 : 1 Mhz (NRC Auto)
Guard Interval			 : LONG
Security			 : OFF
RTS				 : OFF
RTS threshold			 : 0
Format				 : S1G
Preamble type			 : 1M
Promiscuous Mode		 : OFF
color				 : 0x0
Auto CFO Cal			 : OFF
BSSID				 : 00:c0:ca:b4:65:38
AID				 : 1

[PHY Configuration]
TX_Gain				 : 14
RX_Gain				 : 82

Tx Power			 : 14
---------------------------------------------------
OK
spawn ./cli_app
===================================================
     Newracom Command Line Application (2.10)      
===================================================
NRC> show signal start 1 12
OK
NRC> Mac Addr : 00:c0:ca:b4:65:38	rssi: -85  	snr: 22

Mac Addr : 00:c0:ca:b4:65:38	rssi: -85  	snr: 22

Mac Addr : 00:c0:ca:b4:65:38	rssi: -85  	snr: 21

Mac Addr : 00:c0:ca:b4:65:38	rssi: -85  	snr: 22

Mac Addr : 00:c0:ca:b4:65:38	rssi: -85  	snr: 22

Mac Addr : 00:c0:ca:b4:65:38	rssi: -85  	snr: 22

Mac Addr : 00:c0:ca:b4:65:38	rssi: -84  	snr: 22

Mac Addr : 00:c0:ca:b4:65:38	rssi: -85  	snr: 22

Mac Addr : 00:c0:ca:b4:65:38	rssi: -84  	snr: 22

Mac Addr : 00:c0:ca:b4:65:38	rssi: -84  	snr: 23

Mac Addr : 00:c0:ca:b4:65:38	rssi: -84  	snr: 23

Mac Addr : 00:c0:ca:b4:65:38	rssi: -85  	snr: 22

--------------------------------------------------
[MAC Addr]: 00:c0:ca:b4:65:38
[Total]   : 12
[RSSI]
 average  : -84.667
 std_dev  : 0.471
[SNR]
 average  : 22.083
 std_dev  : 0.493
--------------------------------------------------
NRC>
exit
===================================================
      Exit Newracom Command Line Application       
===================================================

Network test collection completed.
