Starting Network Test Collection...
Timestamp: Tue 28 May 2024 06:04:01 PM -01
iperf3 Server IP: 192.168.200.1
iperf3 Test Duration: 30 seconds
Ping Packet Count: 
Running iperf3 test for 30 seconds...

*** iperf3 Test ***
Connecting to host 192.168.200.1, port 5201
[  5] local 192.168.200.23 port 57358 connected to 192.168.200.1 port 5201
[ ID] Interval           Transfer     Bitrate         Total Datagrams
[  5]   0.00-1.00   sec   156 KBytes  1.27 Mbits/sec  110  
[  5]   1.00-2.00   sec  84.8 KBytes   695 Kbits/sec  60  
[  5]   2.00-3.00   sec  14.1 KBytes   116 Kbits/sec  10  
[  5]   3.00-4.00   sec  0.00 Bytes  0.00 bits/sec  0  
[  5]   4.00-5.00   sec  14.1 KBytes   116 Kbits/sec  10  
[  5]   5.00-6.00   sec  0.00 Bytes  0.00 bits/sec  0  
[  5]   6.00-7.00   sec  0.00 Bytes  0.00 bits/sec  0  
[  5]   7.00-8.00   sec  14.1 KBytes   116 Kbits/sec  10  
[  5]   8.00-9.00   sec  0.00 Bytes  0.00 bits/sec  0  
[  5]   9.00-10.00  sec  14.1 KBytes   116 Kbits/sec  10  
[  5]  10.00-11.00  sec  0.00 Bytes  0.00 bits/sec  0  
[  5]  11.00-12.00  sec  0.00 Bytes  0.00 bits/sec  0  
[  5]  11.00-12.00  sec  0.00 Bytes  0.00 bits/sec  0  
\n Running CLI test...
---------------------------------------------------
[MAC Configuration]
Device Mode			 : STA
MAC Address			 : 00:c0:ca:b4:65:2e
Country				 : DE
Bandwidth			 : 1M
Frequency			 : 8655
MAC80211_freq			 : 5190
Rate Control			 : ON
 -MCS				 : 2
 -bw				 : 1 Mhz (NRC Auto)
Guard Interval			 : LONG
Security			 : OFF
RTS				 : OFF
RTS threshold			 : 0
Format				 : S1G
Preamble type			 : 1M
Promiscuous Mode		 : OFF
color				 : 0x0
Auto CFO Cal			 : OFF
BSSID				 : 00:00:00:00:00:00
AID				 : 1

[PHY Configuration]
TX_Gain				 : 14
RX_Gain				 : 82

Tx Power			 : 14
---------------------------------------------------
OK
spawn ./cli_app
===================================================
     Newracom Command Line Application (2.10)      
===================================================
NRC> show signal start 1 12
OK
NRC> 











NRC>
exit
===================================================
      Exit Newracom Command Line Application       
===================================================

Network test collection completed.
