Starting Network Test Collection...
Timestamp: Tue 28 May 2024 05:49:55 PM -01
iperf3 Server IP: 192.168.200.1
iperf3 Test Duration: 30 seconds
Ping Packet Count: 
Running iperf3 test for 30 seconds...

*** iperf3 Test ***
\n Running CLI test...
---------------------------------------------------
[MAC Configuration]
Device Mode			 : STA
MAC Address			 : 00:c0:ca:b4:65:2e
Country				 : DE
Bandwidth			 : 1M
Frequency			 : 8655
MAC80211_freq			 : 5190
Rate Control			 : ON
 -MCS				 : 7
 -bw				 : 1 Mhz (NRC Auto)
Guard Interval			 : LONG
Security			 : OFF
RTS				 : OFF
RTS threshold			 : 0
Format				 : S1G
Preamble type			 : 1M
Promiscuous Mode		 : OFF
color				 : 0x0
Auto CFO Cal			 : OFF
BSSID				 : 00:c0:ca:b4:65:38
AID				 : 1

[PHY Configuration]
TX_Gain				 : 14
RX_Gain				 : 82

Tx Power			 : 14
---------------------------------------------------
OK
spawn ./cli_app
===================================================
     Newracom Command Line Application (2.10)      
===================================================
NRC> show signal start 1 12
OK
NRC> Mac Addr : 00:c0:ca:b4:65:38	rssi: 0  	snr: 0

Mac Addr : 00:c0:ca:b4:65:38	rssi: -26  	snr: 16

Mac Addr : 00:c0:ca:b4:65:38	rssi: -47  	snr: 28

Mac Addr : 00:c0:ca:b4:65:38	rssi: -47  	snr: 29

Mac Addr : 00:c0:ca:b4:65:38	rssi: -47  	snr: 28

Mac Addr : 00:c0:ca:b4:65:38	rssi: -46  	snr: 28

Mac Addr : 00:c0:ca:b4:65:38	rssi: -45  	snr: 29

Mac Addr : 00:c0:ca:b4:65:38	rssi: -46  	snr: 29

Mac Addr : 00:c0:ca:b4:65:38	rssi: -46  	snr: 29

Mac Addr : 00:c0:ca:b4:65:38	rssi: -45  	snr: 29

Mac Addr : 00:c0:ca:b4:65:38	rssi: -46  	snr: 29

Mac Addr : 00:c0:ca:b4:65:38	rssi: -46  	snr: 29

--------------------------------------------------
[MAC Addr]: 00:c0:ca:b4:65:38
[Total]   : 12
[RSSI]
 average  : -40.583
 std_dev  : 13.444
[SNR]
 average  : 25.250
 std_dev  : 8.388
--------------------------------------------------
NRC>
exit
===================================================
      Exit Newracom Command Line Application       
===================================================

Network test collection completed.
