================== txpwr 18 =============
 
 Coaxial test with TXPWR = 18
Tx power : 18			Calibration_use : OFF
OK
waiting 35 seconds for antenna to adjust
Running iperf3 test for 25 seconds...

*** iperf3 Test ***
Connecting to host 192.168.200.1, port 5201
[  5] local 192.168.200.23 port 60729 connected to 192.168.200.1 port 5201
[ ID] Interval           Transfer     Bitrate         Total Datagrams
[  5]   0.00-1.00   sec   226 KBytes  1.85 Mbits/sec  160  
[  5]   1.00-2.00   sec   127 KBytes  1.04 Mbits/sec  90  
[  5]   2.00-3.00   sec   156 KBytes  1.27 Mbits/sec  110  
[  5]   3.00-4.00   sec   141 KBytes  1.16 Mbits/sec  100  
[  5]   4.00-5.00   sec   141 KBytes  1.16 Mbits/sec  100  
[  5]   5.00-6.00   sec   156 KBytes  1.27 Mbits/sec  110  
[  5]   6.00-7.00   sec   141 KBytes  1.16 Mbits/sec  100  
[  5]   7.00-8.00   sec   141 KBytes  1.16 Mbits/sec  100  
[  5]   8.00-9.00   sec   156 KBytes  1.27 Mbits/sec  110  
[  5]   9.00-10.00  sec   156 KBytes  1.27 Mbits/sec  110  
[  5]  10.00-11.00  sec   141 KBytes  1.16 Mbits/sec  100  
[  5]  11.00-12.00  sec   141 KBytes  1.16 Mbits/sec  100  
[  5]  12.00-13.00  sec   156 KBytes  1.27 Mbits/sec  110  
[  5]  13.00-14.00  sec   127 KBytes  1.04 Mbits/sec  90  
[  5]  14.00-15.00  sec   156 KBytes  1.27 Mbits/sec  110  
[  5]  15.00-16.00  sec   170 KBytes  1.39 Mbits/sec  120  
[  5]  16.00-17.00  sec   156 KBytes  1.27 Mbits/sec  110  
[  5]  17.00-18.00  sec   141 KBytes  1.16 Mbits/sec  100  
[  5]  18.00-19.00  sec   156 KBytes  1.27 Mbits/sec  110  
[  5]  19.00-20.00  sec   156 KBytes  1.27 Mbits/sec  110  
[  5]  20.00-21.00  sec   141 KBytes  1.16 Mbits/sec  100  
[  5]  21.00-22.00  sec   141 KBytes  1.16 Mbits/sec  100  
[  5]  22.00-23.00  sec   156 KBytes  1.27 Mbits/sec  110  
[  5]  23.00-24.00  sec   141 KBytes  1.16 Mbits/sec  100  
[  5]  24.00-25.00  sec   141 KBytes  1.16 Mbits/sec  100  
- - - - - - - - - - - - - - - - - - - - - - - - -
[ ID] Interval           Transfer     Bitrate         Jitter    Lost/Total Datagrams
[  5]   0.00-25.00  sec  3.67 MBytes  1.23 Mbits/sec  0.000 ms  0/2660 (0%)  sender
[  5]   0.00-25.53  sec  3.67 MBytes  1.21 Mbits/sec  13.565 ms  0/2660 (0%)  receiver

iperf Done.
\n Running CLI test...
\n Current Configuration
---------------------------------------------------
[MAC Configuration]
Device Mode			 : STA
MAC Address			 : 00:c0:ca:b4:65:2e
Country				 : DE
Bandwidth			 : 2M
Frequency			 : 8640
MAC80211_freq			 : 5205
Rate Control			 : ON
 -MCS				 : 2
 -bw				 : 2 Mhz (NRC Auto)
Guard Interval			 : LONG
Security			 : OFF
RTS				 : OFF
RTS threshold			 : 0
Format				 : S1G
Preamble type			 : S1G_SHORT
Promiscuous Mode		 : OFF
color				 : 0x0
Auto CFO Cal			 : OFF
BSSID				 : 00:c0:ca:b4:65:38
AID				 : 1

[PHY Configuration]
TX_Gain				 : 18
RX_Gain				 : 82

Tx Power			 : 18
---------------------------------------------------
OK
++++++++++++++++++ DONE 18 +++++++++++++

Waiting for antenna to set new power 18...
Coaxial test with TXPWR = 18 

Timestamp : Sat 11 May 2024 02:51:34 AM -05
Running CLI test...

*** CLI Test ***
spawn ./cli_app
===================================================
     Newracom Command Line Application (2.10)      
===================================================
NRC> show signal start 1 20 
OK
NRC> Mac Addr : 00:c0:ca:b4:65:2e	rssi: -91  	snr: 11

Mac Addr : 00:c0:ca:b4:65:2e	rssi: -91  	snr: 10

Mac Addr : 00:c0:ca:b4:65:2e	rssi: -92  	snr: 11

Mac Addr : 00:c0:ca:b4:65:2e	rssi: -91  	snr: 10

Mac Addr : 00:c0:ca:b4:65:2e	rssi: -91  	snr: 10

Mac Addr : 00:c0:ca:b4:65:2e	rssi: -92  	snr: 11

Mac Addr : 00:c0:ca:b4:65:2e	rssi: -92  	snr: 10

Mac Addr : 00:c0:ca:b4:65:2e	rssi: -91  	snr: 10

Mac Addr : 00:c0:ca:b4:65:2e	rssi: -92  	snr: 10

Mac Addr : 00:c0:ca:b4:65:2e	rssi: -92  	snr: 10

Mac Addr : 00:c0:ca:b4:65:2e	rssi: -92  	snr: 10

Mac Addr : 00:c0:ca:b4:65:2e	rssi: -92  	snr: 10

Mac Addr : 00:c0:ca:b4:65:2e	rssi: -92  	snr: 10

Mac Addr : 00:c0:ca:b4:65:2e	rssi: -92  	snr: 9

Mac Addr : 00:c0:ca:b4:65:2e	rssi: -91  	snr: 10

Mac Addr : 00:c0:ca:b4:65:2e	rssi: -93  	snr: 10

Mac Addr : 00:c0:ca:b4:65:2e	rssi: -92  	snr: 10

Mac Addr : 00:c0:ca:b4:65:2e	rssi: -93  	snr: 10

Mac Addr : 00:c0:ca:b4:65:2e	rssi: -92  	snr: 10

Mac Addr : 00:c0:ca:b4:65:2e	rssi: -93  	snr: 10

--------------------------------------------------
[MAC Addr]: 00:c0:ca:b4:65:2e
[Total]   : 20
[RSSI]
 average  : -91.850
 std_dev  : 0.654
[SNR]
 average  : 10.100
 std_dev  : 0.436
--------------------------------------------------
NRC>
exit
===================================================
      Exit Newracom Command Line Application       
===================================================

 CLI Test Done.
Starting Network Signal Strength Test Collection...
Timestamp: Sat 11 May 2024 02:51:54 AM -05
Coaxial set up with 70 dBm attenuation
