================== txpwr 20 =============
 
 Coaxial test with TXPWR = 20
Tx power : 20			Calibration_use : OFF
OK
waiting 35 seconds for antenna to adjust
Running iperf3 test for 25 seconds...

*** iperf3 Test ***
Connecting to host 192.168.200.1, port 5201
[  5] local 192.168.200.23 port 52592 connected to 192.168.200.1 port 5201
[ ID] Interval           Transfer     Bitrate         Total Datagrams
[  5]   0.00-1.00   sec   226 KBytes  1.85 Mbits/sec  160  
[  5]   1.00-2.00   sec   170 KBytes  1.39 Mbits/sec  120  
[  5]   2.00-3.00   sec   212 KBytes  1.74 Mbits/sec  150  
[  5]   3.00-4.00   sec   184 KBytes  1.51 Mbits/sec  130  
[  5]   4.00-5.00   sec   198 KBytes  1.62 Mbits/sec  140  
[  5]   5.00-6.00   sec   198 KBytes  1.62 Mbits/sec  140  
[  5]   6.00-7.00   sec   184 KBytes  1.51 Mbits/sec  130  
[  5]   7.00-8.00   sec   184 KBytes  1.51 Mbits/sec  130  
[  5]   8.00-9.00   sec   184 KBytes  1.51 Mbits/sec  130  
[  5]   9.00-10.00  sec   198 KBytes  1.62 Mbits/sec  140  
[  5]  10.00-11.00  sec   212 KBytes  1.74 Mbits/sec  150  
[  5]  11.00-12.00  sec   198 KBytes  1.62 Mbits/sec  140  
[  5]  12.00-13.00  sec   184 KBytes  1.51 Mbits/sec  130  
[  5]  13.00-14.00  sec   198 KBytes  1.62 Mbits/sec  140  
[  5]  14.00-15.00  sec   184 KBytes  1.51 Mbits/sec  130  
[  5]  15.00-16.00  sec   198 KBytes  1.62 Mbits/sec  140  
[  5]  16.00-17.00  sec   198 KBytes  1.62 Mbits/sec  140  
[  5]  17.00-18.00  sec   212 KBytes  1.74 Mbits/sec  150  
[  5]  18.00-19.00  sec   198 KBytes  1.62 Mbits/sec  140  
[  5]  19.00-20.00  sec   198 KBytes  1.62 Mbits/sec  140  
[  5]  20.00-21.00  sec   212 KBytes  1.74 Mbits/sec  150  
[  5]  21.00-22.00  sec   198 KBytes  1.62 Mbits/sec  140  
[  5]  22.00-23.00  sec   198 KBytes  1.62 Mbits/sec  140  
[  5]  23.00-24.00  sec   184 KBytes  1.51 Mbits/sec  130  
[  5]  24.00-25.00  sec   198 KBytes  1.62 Mbits/sec  140  
- - - - - - - - - - - - - - - - - - - - - - - - -
[ ID] Interval           Transfer     Bitrate         Jitter    Lost/Total Datagrams
[  5]   0.00-25.00  sec  4.79 MBytes  1.61 Mbits/sec  0.000 ms  0/3470 (0%)  sender
[  5]   0.00-25.45  sec  4.79 MBytes  1.58 Mbits/sec  9.627 ms  0/3470 (0%)  receiver

iperf Done.
\n Running CLI test...
\n Current Configuration
---------------------------------------------------
[MAC Configuration]
Device Mode			 : STA
MAC Address			 : 00:c0:ca:b4:65:2e
Country				 : DE
Bandwidth			 : 2M
Frequency			 : 8640
MAC80211_freq			 : 5205
Rate Control			 : ON
 -MCS				 : 3
 -bw				 : 2 Mhz (NRC Auto)
Guard Interval			 : LONG
Security			 : OFF
RTS				 : OFF
RTS threshold			 : 0
Format				 : S1G
Preamble type			 : S1G_SHORT
Promiscuous Mode		 : OFF
color				 : 0x0
Auto CFO Cal			 : OFF
BSSID				 : 00:c0:ca:b4:65:38
AID				 : 1

[PHY Configuration]
TX_Gain				 : 20
RX_Gain				 : 82

Tx Power			 : 20
---------------------------------------------------
OK
++++++++++++++++++ DONE 20 +++++++++++++

Waiting for antenna to set new power 20...
Coaxial test with TXPWR = 20 

Timestamp : Sat 11 May 2024 02:49:33 AM -05
Running CLI test...

*** CLI Test ***
spawn ./cli_app
===================================================
     Newracom Command Line Application (2.10)      
===================================================
NRC> show signal start 1 20 
OK
NRC> Mac Addr : 00:c0:ca:b4:65:2e	rssi: 0  	snr: 0

Mac Addr : 00:c0:ca:b4:65:2e	rssi: -89  	snr: 12

Mac Addr : 00:c0:ca:b4:65:2e	rssi: -89  	snr: 12

Mac Addr : 00:c0:ca:b4:65:2e	rssi: -89  	snr: 13

Mac Addr : 00:c0:ca:b4:65:2e	rssi: -89  	snr: 12

Mac Addr : 00:c0:ca:b4:65:2e	rssi: -89  	snr: 12

Mac Addr : 00:c0:ca:b4:65:2e	rssi: -89  	snr: 13

Mac Addr : 00:c0:ca:b4:65:2e	rssi: -89  	snr: 12

Mac Addr : 00:c0:ca:b4:65:2e	rssi: -89  	snr: 12

Mac Addr : 00:c0:ca:b4:65:2e	rssi: -89  	snr: 12

Mac Addr : 00:c0:ca:b4:65:2e	rssi: -89  	snr: 12

Mac Addr : 00:c0:ca:b4:65:2e	rssi: -89  	snr: 13

Mac Addr : 00:c0:ca:b4:65:2e	rssi: -89  	snr: 13

Mac Addr : 00:c0:ca:b4:65:2e	rssi: -89  	snr: 12

Mac Addr : 00:c0:ca:b4:65:2e	rssi: -89  	snr: 13

Mac Addr : 00:c0:ca:b4:65:2e	rssi: -89  	snr: 12

Mac Addr : 00:c0:ca:b4:65:2e	rssi: -89  	snr: 13

Mac Addr : 00:c0:ca:b4:65:2e	rssi: -89  	snr: 12

Mac Addr : 00:c0:ca:b4:65:2e	rssi: -89  	snr: 12

Mac Addr : 00:c0:ca:b4:65:2e	rssi: -89  	snr: 12

--------------------------------------------------
[MAC Addr]: 00:c0:ca:b4:65:2e
[Total]   : 20
[RSSI]
 average  : -84.550
 std_dev  : 19.397
[SNR]
 average  : 11.700
 std_dev  : 2.722
--------------------------------------------------
NRC>
exit
===================================================
      Exit Newracom Command Line Application       
===================================================

 CLI Test Done.
Starting Network Signal Strength Test Collection...
Timestamp: Sat 11 May 2024 02:49:53 AM -05
Coaxial set up with 70 dBm attenuation
