Starting Network Test Collection...
Timestamp: Tue 28 May 2024 06:44:27 PM -01
iperf3 Server IP: 192.168.200.1
iperf3 Test Duration: 30 seconds
Ping Packet Count: 
Running iperf3 test for 30 seconds...

*** iperf3 Test ***
Connecting to host 192.168.200.1, port 5201
[  5] local 192.168.200.23 port 45934 connected to 192.168.200.1 port 5201
[ ID] Interval           Transfer     Bitrate         Total Datagrams
[  5]   0.00-1.00   sec   481 KBytes  3.94 Mbits/sec  340  
[  5]   1.00-2.00   sec   396 KBytes  3.24 Mbits/sec  280  
[  5]   2.00-3.00   sec   410 KBytes  3.36 Mbits/sec  290  
[  5]   3.00-4.00   sec   410 KBytes  3.36 Mbits/sec  290  
[  5]   4.00-5.00   sec   382 KBytes  3.13 Mbits/sec  270  
[  5]   5.00-6.00   sec   368 KBytes  3.01 Mbits/sec  260  
[  5]   6.00-7.00   sec   382 KBytes  3.13 Mbits/sec  270  
[  5]   7.00-8.00   sec   396 KBytes  3.24 Mbits/sec  280  
[  5]   8.00-9.00   sec   396 KBytes  3.24 Mbits/sec  280  
[  5]   9.00-10.00  sec   396 KBytes  3.24 Mbits/sec  280  
[  5]  10.00-11.00  sec   410 KBytes  3.36 Mbits/sec  290  
[  5]  11.00-12.00  sec   410 KBytes  3.36 Mbits/sec  290  
[  5]  12.00-13.00  sec   410 KBytes  3.36 Mbits/sec  290  
[  5]  13.00-14.00  sec   410 KBytes  3.36 Mbits/sec  290  
[  5]  14.00-15.00  sec   396 KBytes  3.24 Mbits/sec  280  
[  5]  15.00-16.00  sec   410 KBytes  3.36 Mbits/sec  290  
[  5]  16.00-17.00  sec   410 KBytes  3.36 Mbits/sec  290  
[  5]  17.00-18.00  sec   410 KBytes  3.36 Mbits/sec  290  
[  5]  18.00-19.00  sec   424 KBytes  3.48 Mbits/sec  300  
[  5]  19.00-20.00  sec   410 KBytes  3.36 Mbits/sec  290  
[  5]  20.00-21.00  sec   410 KBytes  3.36 Mbits/sec  290  
[  5]  21.00-22.00  sec   410 KBytes  3.36 Mbits/sec  290  
[  5]  22.00-23.00  sec   410 KBytes  3.36 Mbits/sec  290  
[  5]  23.00-24.00  sec   410 KBytes  3.36 Mbits/sec  290  
[  5]  24.00-25.00  sec   410 KBytes  3.36 Mbits/sec  290  
[  5]  25.00-26.00  sec   410 KBytes  3.36 Mbits/sec  290  
[  5]  26.00-27.00  sec   410 KBytes  3.36 Mbits/sec  290  
[  5]  27.00-28.00  sec   410 KBytes  3.36 Mbits/sec  290  
[  5]  28.00-29.00  sec   410 KBytes  3.36 Mbits/sec  290  
[  5]  29.00-30.00  sec   424 KBytes  3.48 Mbits/sec  300  
- - - - - - - - - - - - - - - - - - - - - - - - -
[ ID] Interval           Transfer     Bitrate         Jitter    Lost/Total Datagrams
[  5]   0.00-30.00  sec  11.9 MBytes  3.34 Mbits/sec  0.000 ms  0/8650 (0%)  sender
[  5]   0.00-30.22  sec  11.9 MBytes  3.32 Mbits/sec  5.753 ms  0/8650 (0%)  receiver

iperf Done.
\n Running CLI test...
---------------------------------------------------
[MAC Configuration]
Device Mode			 : STA
MAC Address			 : 00:c0:ca:b4:65:2e
Country				 : DE
Bandwidth			 : 2M
Frequency			 : 8640
MAC80211_freq			 : 5205
Rate Control			 : ON
 -MCS				 : 7
 -bw				 : 2 Mhz (NRC Auto)
Guard Interval			 : LONG
Security			 : OFF
RTS				 : OFF
RTS threshold			 : 0
Format				 : S1G
Preamble type			 : S1G_SHORT
Promiscuous Mode		 : OFF
color				 : 0x0
Auto CFO Cal			 : OFF
BSSID				 : 00:c0:ca:b4:65:38
AID				 : 1

[PHY Configuration]
TX_Gain				 : 14
RX_Gain				 : 82

Tx Power			 : 14
---------------------------------------------------
OK
spawn ./cli_app
===================================================
     Newracom Command Line Application (2.10)      
===================================================
NRC> show signal start 1 12
OK
NRC> Mac Addr : 00:c0:ca:b4:65:38	rssi: -80  	snr: 25

Mac Addr : 00:c0:ca:b4:65:38	rssi: -80  	snr: 25

Mac Addr : 00:c0:ca:b4:65:38	rssi: -80  	snr: 25

Mac Addr : 00:c0:ca:b4:65:38	rssi: -80  	snr: 25

Mac Addr : 00:c0:ca:b4:65:38	rssi: -80  	snr: 25

Mac Addr : 00:c0:ca:b4:65:38	rssi: -80  	snr: 25

Mac Addr : 00:c0:ca:b4:65:38	rssi: -79  	snr: 25

Mac Addr : 00:c0:ca:b4:65:38	rssi: -80  	snr: 25

Mac Addr : 00:c0:ca:b4:65:38	rssi: -79  	snr: 26

Mac Addr : 00:c0:ca:b4:65:38	rssi: -79  	snr: 26

Mac Addr : 00:c0:ca:b4:65:38	rssi: -79  	snr: 26

Mac Addr : 00:c0:ca:b4:65:38	rssi: -79  	snr: 26

--------------------------------------------------
[MAC Addr]: 00:c0:ca:b4:65:38
[Total]   : 12
[RSSI]
 average  : -79.583
 std_dev  : 0.493
[SNR]
 average  : 25.333
 std_dev  : 0.471
--------------------------------------------------
NRC>
exit
===================================================
      Exit Newracom Command Line Application       
===================================================

Network test collection completed.
