Starting Network Test Collection...
Timestamp: Tue 28 May 2024 06:33:29 PM -01
iperf3 Server IP: 192.168.200.1
iperf3 Test Duration: 30 seconds
Ping Packet Count: 
Running iperf3 test for 30 seconds...

*** iperf3 Test ***
Connecting to host 192.168.200.1, port 5201
\n Running CLI test...
---------------------------------------------------
[MAC Configuration]
Device Mode			 : STA
MAC Address			 : 00:c0:ca:b4:65:2e
Country				 : DE
Bandwidth			 : 2M
Frequency			 : 8640
MAC80211_freq			 : 5205
Rate Control			 : ON
 -MCS				 : 4
 -bw				 : 2 Mhz (NRC Auto)
Guard Interval			 : LONG
Security			 : OFF
RTS				 : OFF
RTS threshold			 : 0
Format				 : S1G
Preamble type			 : S1G_SHORT
Promiscuous Mode		 : OFF
color				 : 0x0
Auto CFO Cal			 : OFF
BSSID				 : 00:c0:ca:b4:65:38
AID				 : 1

[PHY Configuration]
TX_Gain				 : 14
RX_Gain				 : 82

Tx Power			 : 14
---------------------------------------------------
OK
spawn ./cli_app
===================================================
     Newracom Command Line Application (2.10)      
===================================================
NRC> show signal start 1 12
OK
NRC> Mac Addr : 00:c0:ca:b4:65:38	rssi: -99  	snr: 5

Mac Addr : 00:c0:ca:b4:65:38	rssi: -99  	snr: 5

Mac Addr : 00:c0:ca:b4:65:38	rssi: -99  	snr: 7

Mac Addr : 00:c0:ca:b4:65:38	rssi: -98  	snr: 8

Mac Addr : 00:c0:ca:b4:65:38	rssi: -98  	snr: 7

Mac Addr : 00:c0:ca:b4:65:38	rssi: -98  	snr: 6

Mac Addr : 00:c0:ca:b4:65:38	rssi: -99  	snr: 6

Mac Addr : 00:c0:ca:b4:65:38	rssi: -99  	snr: 6

Mac Addr : 00:c0:ca:b4:65:38	rssi: -99  	snr: 6

Mac Addr : 00:c0:ca:b4:65:38	rssi: -99  	snr: 6

Mac Addr : 00:c0:ca:b4:65:38	rssi: -99  	snr: 7

Mac Addr : 00:c0:ca:b4:65:38	rssi: -99  	snr: 8

--------------------------------------------------
[MAC Addr]: 00:c0:ca:b4:65:38
[Total]   : 12
[RSSI]
 average  : -98.750
 std_dev  : 0.433
[SNR]
 average  : 6.417
 std_dev  : 0.954
--------------------------------------------------
NRC>
exit
===================================================
      Exit Newracom Command Line Application       
===================================================

Network test collection completed.
