Starting Network Test Collection...
Timestamp: Tue 28 May 2024 06:42:47 PM -01
iperf3 Server IP: 192.168.200.1
iperf3 Test Duration: 30 seconds
Ping Packet Count: 
Running iperf3 test for 30 seconds...

*** iperf3 Test ***
Connecting to host 192.168.200.1, port 5201
[  5] local 192.168.200.23 port 42545 connected to 192.168.200.1 port 5201
[ ID] Interval           Transfer     Bitrate         Total Datagrams
[  5]   0.00-1.00   sec   495 KBytes  4.05 Mbits/sec  350  
[  5]   1.00-2.00   sec   424 KBytes  3.48 Mbits/sec  300  
[  5]   2.00-3.00   sec   424 KBytes  3.48 Mbits/sec  300  
[  5]   3.00-4.00   sec   410 KBytes  3.36 Mbits/sec  290  
[  5]   4.00-5.00   sec   424 KBytes  3.48 Mbits/sec  300  
[  5]   5.00-6.00   sec   410 KBytes  3.36 Mbits/sec  290  
[  5]   6.00-7.00   sec   424 KBytes  3.48 Mbits/sec  300  
[  5]   7.00-8.00   sec   424 KBytes  3.48 Mbits/sec  300  
[  5]   8.00-9.00   sec   424 KBytes  3.48 Mbits/sec  300  
[  5]   9.00-10.00  sec   410 KBytes  3.36 Mbits/sec  290  
[  5]  10.00-11.00  sec   410 KBytes  3.36 Mbits/sec  290  
[  5]  11.00-12.00  sec   410 KBytes  3.36 Mbits/sec  290  
[  5]  12.00-13.00  sec   410 KBytes  3.36 Mbits/sec  290  
[  5]  13.00-14.00  sec   424 KBytes  3.48 Mbits/sec  300  
[  5]  14.00-15.00  sec   424 KBytes  3.48 Mbits/sec  300  
[  5]  15.00-16.00  sec   410 KBytes  3.36 Mbits/sec  290  
[  5]  16.00-17.00  sec   424 KBytes  3.48 Mbits/sec  300  
[  5]  17.00-18.00  sec   424 KBytes  3.48 Mbits/sec  300  
[  5]  18.00-19.00  sec   424 KBytes  3.48 Mbits/sec  300  
[  5]  19.00-20.00  sec   424 KBytes  3.48 Mbits/sec  300  
[  5]  20.00-21.00  sec   424 KBytes  3.48 Mbits/sec  300  
[  5]  21.00-22.00  sec   410 KBytes  3.36 Mbits/sec  290  
[  5]  22.00-23.00  sec   424 KBytes  3.48 Mbits/sec  300  
[  5]  23.00-24.00  sec   424 KBytes  3.48 Mbits/sec  300  
[  5]  24.00-25.00  sec   424 KBytes  3.48 Mbits/sec  300  
[  5]  25.00-26.00  sec   424 KBytes  3.48 Mbits/sec  300  
[  5]  26.00-27.00  sec   410 KBytes  3.36 Mbits/sec  290  
[  5]  27.00-28.00  sec   424 KBytes  3.48 Mbits/sec  300  
[  5]  28.00-29.00  sec   424 KBytes  3.48 Mbits/sec  300  
[  5]  29.00-30.00  sec   424 KBytes  3.48 Mbits/sec  300  
- - - - - - - - - - - - - - - - - - - - - - - - -
[ ID] Interval           Transfer     Bitrate         Jitter    Lost/Total Datagrams
[  5]   0.00-30.00  sec  12.4 MBytes  3.46 Mbits/sec  0.000 ms  0/8960 (0%)  sender
[  5]   0.00-36.98  sec  12.2 MBytes  2.78 Mbits/sec  5.452 ms  0/8859 (0%)  receiver

iperf Done.
\n Running CLI test...
---------------------------------------------------
[MAC Configuration]
Device Mode			 : STA
MAC Address			 : 00:c0:ca:b4:65:2e
Country				 : DE
Bandwidth			 : 2M
Frequency			 : 8640
MAC80211_freq			 : 5205
Rate Control			 : ON
 -MCS				 : 7
 -bw				 : 2 Mhz (NRC Auto)
Guard Interval			 : LONG
Security			 : OFF
RTS				 : OFF
RTS threshold			 : 0
Format				 : S1G
Preamble type			 : S1G_SHORT
Promiscuous Mode		 : OFF
color				 : 0x0
Auto CFO Cal			 : OFF
BSSID				 : 00:c0:ca:b4:65:38
AID				 : 1

[PHY Configuration]
TX_Gain				 : 14
RX_Gain				 : 82

Tx Power			 : 14
---------------------------------------------------
OK
spawn ./cli_app
===================================================
     Newracom Command Line Application (2.10)      
===================================================
NRC> show signal start 1 12
OK
NRC> Mac Addr : 00:c0:ca:b4:65:38	rssi: -46  	snr: 30

Mac Addr : 00:c0:ca:b4:65:38	rssi: -46  	snr: 28

Mac Addr : 00:c0:ca:b4:65:38	rssi: -45  	snr: 28

Mac Addr : 00:c0:ca:b4:65:38	rssi: -44  	snr: 28

Mac Addr : 00:c0:ca:b4:65:38	rssi: -44  	snr: 28

Mac Addr : 00:c0:ca:b4:65:38	rssi: -44  	snr: 28

Mac Addr : 00:c0:ca:b4:65:38	rssi: -45  	snr: 28

Mac Addr : 00:c0:ca:b4:65:38	rssi: -45  	snr: 28

Mac Addr : 00:c0:ca:b4:65:38	rssi: -45  	snr: 29

Mac Addr : 00:c0:ca:b4:65:38	rssi: -45  	snr: 29

Mac Addr : 00:c0:ca:b4:65:38	rssi: -45  	snr: 29

Mac Addr : 00:c0:ca:b4:65:38	rssi: -46  	snr: 29

--------------------------------------------------
[MAC Addr]: 00:c0:ca:b4:65:38
[Total]   : 12
[RSSI]
 average  : -45.000
 std_dev  : 0.707
[SNR]
 average  : 28.500
 std_dev  : 0.645
--------------------------------------------------
NRC>
exit
===================================================
      Exit Newracom Command Line Application       
===================================================

Network test collection completed.
