================== txpwr 6 =============
 
 Coaxial test with TXPWR = 6
Tx power : 6			Calibration_use : OFF
OK
waiting 35 seconds for antenna to adjust
Running iperf3 test for 25 seconds...

*** iperf3 Test ***
Connecting to host 192.168.200.1, port 5201
[  5] local 192.168.200.23 port 46918 connected to 192.168.200.1 port 5201
[ ID] Interval           Transfer     Bitrate         Total Datagrams
[  5]   0.00-1.00   sec   283 KBytes  2.32 Mbits/sec  200  
[  5]   1.00-2.00   sec   212 KBytes  1.74 Mbits/sec  150  
[  5]   2.00-3.00   sec   198 KBytes  1.62 Mbits/sec  140  
[  5]   3.00-4.00   sec   212 KBytes  1.74 Mbits/sec  150  
[  5]   4.00-5.00   sec   212 KBytes  1.74 Mbits/sec  150  
[  5]   5.00-6.00   sec   198 KBytes  1.62 Mbits/sec  140  
[  5]   6.00-7.00   sec   212 KBytes  1.74 Mbits/sec  150  
[  5]   7.00-8.00   sec   198 KBytes  1.62 Mbits/sec  140  
[  5]   8.00-9.00   sec   226 KBytes  1.85 Mbits/sec  160  
[  5]   9.00-10.00  sec   198 KBytes  1.62 Mbits/sec  140  
[  5]  10.00-11.00  sec   212 KBytes  1.74 Mbits/sec  150  
[  5]  11.00-12.00  sec   212 KBytes  1.74 Mbits/sec  150  
[  5]  12.00-13.00  sec   212 KBytes  1.74 Mbits/sec  150  
[  5]  13.00-14.00  sec   198 KBytes  1.62 Mbits/sec  140  
[  5]  14.00-15.00  sec   212 KBytes  1.74 Mbits/sec  150  
[  5]  15.00-16.00  sec   212 KBytes  1.74 Mbits/sec  150  
[  5]  16.00-17.00  sec   212 KBytes  1.74 Mbits/sec  150  
[  5]  17.00-18.00  sec   198 KBytes  1.62 Mbits/sec  140  
[  5]  18.00-19.00  sec   226 KBytes  1.85 Mbits/sec  160  
[  5]  19.00-20.00  sec   198 KBytes  1.62 Mbits/sec  140  
[  5]  20.00-21.00  sec   212 KBytes  1.74 Mbits/sec  150  
[  5]  21.00-22.00  sec   212 KBytes  1.74 Mbits/sec  150  
[  5]  22.00-23.00  sec   198 KBytes  1.62 Mbits/sec  140  
[  5]  23.00-24.00  sec   198 KBytes  1.62 Mbits/sec  140  
[  5]  24.00-25.00  sec   212 KBytes  1.74 Mbits/sec  150  
- - - - - - - - - - - - - - - - - - - - - - - - -
[ ID] Interval           Transfer     Bitrate         Jitter    Lost/Total Datagrams
[  5]   0.00-25.00  sec  5.15 MBytes  1.73 Mbits/sec  0.000 ms  0/3730 (0%)  sender
[  5]   0.00-25.37  sec  5.15 MBytes  1.70 Mbits/sec  9.601 ms  0/3730 (0%)  receiver

iperf Done.
\n Running CLI test...
\n Current Configuration
---------------------------------------------------
[MAC Configuration]
Device Mode			 : STA
MAC Address			 : 00:c0:ca:b4:65:2e
Country				 : DE
Bandwidth			 : 1M
Frequency			 : 8675
MAC80211_freq			 : 5200
Rate Control			 : ON
 -MCS				 : 7
 -bw				 : 1 Mhz (NRC Auto)
Guard Interval			 : LONG
Security			 : OFF
RTS				 : OFF
RTS threshold			 : 0
Format				 : S1G
Preamble type			 : 1M
Promiscuous Mode		 : OFF
color				 : 0x0
Auto CFO Cal			 : OFF
BSSID				 : 00:c0:ca:b4:65:38
AID				 : 1

[PHY Configuration]
TX_Gain				 : 6
RX_Gain				 : 82

Tx Power			 : 6
---------------------------------------------------
OK
++++++++++++++++++ DONE 6 +++++++++++++

Waiting for antenna to set new power 6...
Coaxial test with TXPWR = 6 

Timestamp : Sat 11 May 2024 01:29:37 AM -05
Running CLI test...

*** CLI Test ***
spawn ./cli_app
===================================================
     Newracom Command Line Application (2.10)      
===================================================
NRC> show signal start 1 20 
OK
NRC> Mac Addr : 00:c0:ca:b4:65:2e	rssi: -84  	snr: 23

Mac Addr : 00:c0:ca:b4:65:2e	rssi: -85  	snr: 22

Mac Addr : 00:c0:ca:b4:65:2e	rssi: -85  	snr: 22

Mac Addr : 00:c0:ca:b4:65:2e	rssi: -85  	snr: 22

Mac Addr : 00:c0:ca:b4:65:2e	rssi: -85  	snr: 22

Mac Addr : 00:c0:ca:b4:65:2e	rssi: -85  	snr: 22

Mac Addr : 00:c0:ca:b4:65:2e	rssi: -85  	snr: 22

Mac Addr : 00:c0:ca:b4:65:2e	rssi: -85  	snr: 22

Mac Addr : 00:c0:ca:b4:65:2e	rssi: -85  	snr: 22

Mac Addr : 00:c0:ca:b4:65:2e	rssi: -85  	snr: 22

Mac Addr : 00:c0:ca:b4:65:2e	rssi: -85  	snr: 22

Mac Addr : 00:c0:ca:b4:65:2e	rssi: -85  	snr: 22

Mac Addr : 00:c0:ca:b4:65:2e	rssi: -85  	snr: 22

Mac Addr : 00:c0:ca:b4:65:2e	rssi: -85  	snr: 22

Mac Addr : 00:c0:ca:b4:65:2e	rssi: -85  	snr: 22

Mac Addr : 00:c0:ca:b4:65:2e	rssi: -85  	snr: 22

Mac Addr : 00:c0:ca:b4:65:2e	rssi: -85  	snr: 22

Mac Addr : 00:c0:ca:b4:65:2e	rssi: -85  	snr: 22

Mac Addr : 00:c0:ca:b4:65:2e	rssi: -85  	snr: 22

Mac Addr : 00:c0:ca:b4:65:2e	rssi: -85  	snr: 22

--------------------------------------------------
[MAC Addr]: 00:c0:ca:b4:65:2e
[Total]   : 20
[RSSI]
 average  : -84.950
 std_dev  : 0.218
[SNR]
 average  : 22.050
 std_dev  : 0.218
--------------------------------------------------
NRC>
exit
===================================================
      Exit Newracom Command Line Application       
===================================================

 CLI Test Done.
Starting Network Signal Strength Test Collection...
Timestamp: Sat 11 May 2024 01:29:58 AM -05
Coaxial set up with 50 dBm attenuation
