================== txpwr 5 =============
 
 Coaxial test with TXPWR = 5
Tx power : 5			Calibration_use : OFF
OK
waiting 35 seconds for antenna to adjust
Running iperf3 test for 25 seconds...

*** iperf3 Test ***
Connecting to host 192.168.200.1, port 5201
[  5] local 192.168.200.23 port 37179 connected to 192.168.200.1 port 5201
[ ID] Interval           Transfer     Bitrate         Total Datagrams
[  5]   0.00-1.00   sec   269 KBytes  2.20 Mbits/sec  190  
[  5]   1.00-2.00   sec   170 KBytes  1.39 Mbits/sec  120  
[  5]   2.00-3.00   sec   184 KBytes  1.51 Mbits/sec  130  
[  5]   3.00-4.00   sec   184 KBytes  1.51 Mbits/sec  130  
[  5]   4.00-5.00   sec   184 KBytes  1.51 Mbits/sec  130  
[  5]   5.00-6.00   sec   170 KBytes  1.39 Mbits/sec  120  
[  5]   6.00-7.00   sec   184 KBytes  1.51 Mbits/sec  130  
[  5]   7.00-8.00   sec   184 KBytes  1.51 Mbits/sec  130  
[  5]   8.00-9.00   sec   184 KBytes  1.51 Mbits/sec  130  
[  5]   9.00-10.00  sec   198 KBytes  1.62 Mbits/sec  140  
[  5]  10.00-11.00  sec   184 KBytes  1.51 Mbits/sec  130  
[  5]  11.00-12.00  sec   198 KBytes  1.62 Mbits/sec  140  
[  5]  12.00-13.00  sec   184 KBytes  1.51 Mbits/sec  130  
[  5]  13.00-14.00  sec   184 KBytes  1.51 Mbits/sec  130  
[  5]  14.00-15.00  sec   184 KBytes  1.51 Mbits/sec  130  
[  5]  15.00-16.00  sec   184 KBytes  1.51 Mbits/sec  130  
[  5]  16.00-17.00  sec   184 KBytes  1.51 Mbits/sec  130  
[  5]  17.00-18.00  sec   212 KBytes  1.74 Mbits/sec  150  
[  5]  18.00-19.00  sec   170 KBytes  1.39 Mbits/sec  120  
[  5]  19.00-20.00  sec   184 KBytes  1.51 Mbits/sec  130  
[  5]  20.00-21.00  sec   184 KBytes  1.51 Mbits/sec  130  
[  5]  21.00-22.00  sec   184 KBytes  1.51 Mbits/sec  130  
[  5]  22.00-23.00  sec   198 KBytes  1.62 Mbits/sec  140  
[  5]  23.00-24.00  sec   184 KBytes  1.51 Mbits/sec  130  
[  5]  24.00-25.00  sec   184 KBytes  1.51 Mbits/sec  130  
- - - - - - - - - - - - - - - - - - - - - - - - -
[ ID] Interval           Transfer     Bitrate         Jitter    Lost/Total Datagrams
[  5]   0.00-25.00  sec  4.60 MBytes  1.54 Mbits/sec  0.000 ms  0/3330 (0%)  sender
[  5]   0.00-25.42  sec  4.60 MBytes  1.52 Mbits/sec  11.840 ms  0/3330 (0%)  receiver

iperf Done.
\n Running CLI test...
\n Current Configuration
---------------------------------------------------
[MAC Configuration]
Device Mode			 : STA
MAC Address			 : 00:c0:ca:b4:65:2e
Country				 : DE
Bandwidth			 : 1M
Frequency			 : 8675
MAC80211_freq			 : 5200
Rate Control			 : ON
 -MCS				 : 6
 -bw				 : 1 Mhz (NRC Auto)
Guard Interval			 : LONG
Security			 : OFF
RTS				 : OFF
RTS threshold			 : 0
Format				 : S1G
Preamble type			 : 1M
Promiscuous Mode		 : OFF
color				 : 0x0
Auto CFO Cal			 : OFF
BSSID				 : 00:c0:ca:b4:65:38
AID				 : 1

[PHY Configuration]
TX_Gain				 : 5
RX_Gain				 : 82

Tx Power			 : 5
---------------------------------------------------
OK
++++++++++++++++++ DONE 5 +++++++++++++

Waiting for antenna to set new power 5...
Coaxial test with TXPWR = 5 

Timestamp : Sat 11 May 2024 01:30:38 AM -05
Running CLI test...

*** CLI Test ***
spawn ./cli_app
===================================================
     Newracom Command Line Application (2.10)      
===================================================
NRC> show signal start 1 20 
OK
NRC> Mac Addr : 00:c0:ca:b4:65:2e	rssi: -85  	snr: 22

Mac Addr : 00:c0:ca:b4:65:2e	rssi: -90  	snr: 21

Mac Addr : 00:c0:ca:b4:65:2e	rssi: -90  	snr: 21

Mac Addr : 00:c0:ca:b4:65:2e	rssi: -90  	snr: 20

Mac Addr : 00:c0:ca:b4:65:2e	rssi: -90  	snr: 21

Mac Addr : 00:c0:ca:b4:65:2e	rssi: -90  	snr: 21

Mac Addr : 00:c0:ca:b4:65:2e	rssi: -90  	snr: 21

Mac Addr : 00:c0:ca:b4:65:2e	rssi: -90  	snr: 21

Mac Addr : 00:c0:ca:b4:65:2e	rssi: -90  	snr: 20

Mac Addr : 00:c0:ca:b4:65:2e	rssi: -90  	snr: 21

Mac Addr : 00:c0:ca:b4:65:2e	rssi: -90  	snr: 21

Mac Addr : 00:c0:ca:b4:65:2e	rssi: -90  	snr: 21

Mac Addr : 00:c0:ca:b4:65:2e	rssi: -90  	snr: 21

Mac Addr : 00:c0:ca:b4:65:2e	rssi: -90  	snr: 20

Mac Addr : 00:c0:ca:b4:65:2e	rssi: -90  	snr: 21

Mac Addr : 00:c0:ca:b4:65:2e	rssi: -90  	snr: 21

Mac Addr : 00:c0:ca:b4:65:2e	rssi: -90  	snr: 21

Mac Addr : 00:c0:ca:b4:65:2e	rssi: -90  	snr: 21

Mac Addr : 00:c0:ca:b4:65:2e	rssi: -90  	snr: 21

Mac Addr : 00:c0:ca:b4:65:2e	rssi: -90  	snr: 21

--------------------------------------------------
[MAC Addr]: 00:c0:ca:b4:65:2e
[Total]   : 20
[RSSI]
 average  : -89.750
 std_dev  : 1.090
[SNR]
 average  : 20.900
 std_dev  : 0.436
--------------------------------------------------
NRC>
exit
===================================================
      Exit Newracom Command Line Application       
===================================================

 CLI Test Done.
Starting Network Signal Strength Test Collection...
Timestamp: Sat 11 May 2024 01:30:58 AM -05
Coaxial set up with 50 dBm attenuation
