Waiting for antenna to set new power 3...
Coaxial test with TXPWR = 3 

Timestamp : Sat 11 May 2024 06:50:42 AM CEST
Running CLI test...

*** CLI Test ***
spawn ./cli_app
===================================================
     Newracom Command Line Application (2.10)      
===================================================
NRC> show config
---------------------------------------------------
[MAC Configuration]
Device Mode			 : AP
MAC Address			 : 00:c0:ca:b4:65:38
Country				 : DE
Bandwidth			 : 1M
Frequency			 : 8675
MAC80211_freq			 : 5200
Rate Control			 : ON
 -MCS				 : 7
 -bw				 : 1 Mhz (NRC Auto)
Guard Interval			 : LONG
Security			 : OFF
RTS				 : OFF
RTS threshold			 : 0
Format				 : S1G
Preamble type			 : 1M
Promiscuous Mode		 : OFF
color				 : 0x0
Auto CFO Cal			 : OFF

[PHY Configuration]
TX_Gain				 : 14
RX_Gain				 : 82

Tx Power			 : 14
---------------------------------------------------
OK
NRC> show signal start 1 20 
OK
NRC> Mac Addr : 00:c0:ca:b4:65:2e	rssi: -98  	snr: 7

Mac Addr : 00:c0:ca:b4:65:2e	rssi: -98  	snr: 8

Mac Addr : 00:c0:ca:b4:65:2e	rssi: -98  	snr: 8

Mac Addr : 00:c0:ca:b4:65:2e	rssi: -98  	snr: 9

Mac Addr : 00:c0:ca:b4:65:2e	rssi: -98  	snr: 8

Mac Addr : 00:c0:ca:b4:65:2e	rssi: -98  	snr: 8

Mac Addr : 00:c0:ca:b4:65:2e	rssi: -98  	snr: 8

Mac Addr : 00:c0:ca:b4:65:2e	rssi: -98  	snr: 9

Mac Addr : 00:c0:ca:b4:65:2e	rssi: -98  	snr: 8

Mac Addr : 00:c0:ca:b4:65:2e	rssi: -98  	snr: 9

Mac Addr : 00:c0:ca:b4:65:2e	rssi: -98  	snr: 8

Mac Addr : 00:c0:ca:b4:65:2e	rssi: -98  	snr: 8

Mac Addr : 00:c0:ca:b4:65:2e	rssi: -98  	snr: 8

Mac Addr : 00:c0:ca:b4:65:2e	rssi: -98  	snr: 8

Mac Addr : 00:c0:ca:b4:65:2e	rssi: -98  	snr: 8

Mac Addr : 00:c0:ca:b4:65:2e	rssi: -98  	snr: 9

Mac Addr : 00:c0:ca:b4:65:2e	rssi: -98  	snr: 8

Mac Addr : 00:c0:ca:b4:65:2e	rssi: -98  	snr: 8

Mac Addr : 00:c0:ca:b4:65:2e	rssi: -98  	snr: 8

Mac Addr : 00:c0:ca:b4:65:2e	rssi: -98  	snr: 9

--------------------------------------------------
[MAC Addr]: 00:c0:ca:b4:65:2e
[Total]   : 20
[RSSI]
 average  : -98.000
 std_dev  : 0.000
[SNR]
 average  : 8.200
 std_dev  : 0.510
--------------------------------------------------
NRC>
exit
===================================================
      Exit Newracom Command Line Application       
===================================================

 CLI Test Done.
Starting Network Signal Strength Test Collection...
Timestamp: Sat 11 May 2024 06:51:03 AM CEST
Coaxial set up with 60 dBm attenuation
