Waiting for antenna to set new power 19...
Coaxial test with TXPWR = 19 

Timestamp : Sat 11 May 2024 07:06:53 AM CEST
Running CLI test...

*** CLI Test ***
spawn ./cli_app
===================================================
     Newracom Command Line Application (2.10)      
===================================================
NRC> show config
---------------------------------------------------
[MAC Configuration]
Device Mode			 : AP
MAC Address			 : 00:c0:ca:b4:65:38
Country				 : DE
Bandwidth			 : 1M
Frequency			 : 8675
MAC80211_freq			 : 5200
Rate Control			 : ON
 -MCS				 : 7
 -bw				 : 1 Mhz (NRC Auto)
Guard Interval			 : LONG
Security			 : OFF
RTS				 : OFF
RTS threshold			 : 0
Format				 : S1G
Preamble type			 : 1M
Promiscuous Mode		 : OFF
color				 : 0x0
Auto CFO Cal			 : OFF

[PHY Configuration]
TX_Gain				 : 14
RX_Gain				 : 82

Tx Power			 : 14
---------------------------------------------------
OK
NRC> show signal start 1 20 
OK
NRC> Mac Addr : 00:c0:ca:b4:65:2e	rssi: -84  	snr: 23

Mac Addr : 00:c0:ca:b4:65:2e	rssi: -83  	snr: 24

Mac Addr : 00:c0:ca:b4:65:2e	rssi: -83  	snr: 24

Mac Addr : 00:c0:ca:b4:65:2e	rssi: -83  	snr: 23

Mac Addr : 00:c0:ca:b4:65:2e	rssi: -83  	snr: 24

Mac Addr : 00:c0:ca:b4:65:2e	rssi: -83  	snr: 24

Mac Addr : 00:c0:ca:b4:65:2e	rssi: -83  	snr: 24

Mac Addr : 00:c0:ca:b4:65:2e	rssi: -83  	snr: 24

Mac Addr : 00:c0:ca:b4:65:2e	rssi: -83  	snr: 24

Mac Addr : 00:c0:ca:b4:65:2e	rssi: -83  	snr: 24

Mac Addr : 00:c0:ca:b4:65:2e	rssi: -83  	snr: 24

Mac Addr : 00:c0:ca:b4:65:2e	rssi: -83  	snr: 24

Mac Addr : 00:c0:ca:b4:65:2e	rssi: -83  	snr: 24

Mac Addr : 00:c0:ca:b4:65:2e	rssi: -83  	snr: 24

Mac Addr : 00:c0:ca:b4:65:2e	rssi: -83  	snr: 24

Mac Addr : 00:c0:ca:b4:65:2e	rssi: -83  	snr: 24

Mac Addr : 00:c0:ca:b4:65:2e	rssi: -83  	snr: 24

Mac Addr : 00:c0:ca:b4:65:2e	rssi: -83  	snr: 24

Mac Addr : 00:c0:ca:b4:65:2e	rssi: -83  	snr: 24

Mac Addr : 00:c0:ca:b4:65:2e	rssi: -83  	snr: 24

--------------------------------------------------
[MAC Addr]: 00:c0:ca:b4:65:2e
[Total]   : 20
[RSSI]
 average  : -83.050
 std_dev  : 0.218
[SNR]
 average  : 23.900
 std_dev  : 0.300
--------------------------------------------------
NRC>
exit
===================================================
      Exit Newracom Command Line Application       
===================================================

 CLI Test Done.
Starting Network Signal Strength Test Collection...
Timestamp: Sat 11 May 2024 07:07:13 AM CEST
Coaxial set up with 60 dBm attenuation
